2026-06-27 20:56:19,458 [INFO] backend: Mounted static frontend assets.
2026-06-27 20:56:19,542 [INFO] backend: Starting up Telemetry Server...
2026-06-27 20:56:19,543 [INFO] backend.serial_reader: Serial reader thread started.
2026-06-27 20:56:19,544 [INFO] backend: Shutting down Telemetry Server...
2026-06-27 20:56:19,557 [INFO] backend.serial_reader: Auto-detected Arduino port: COM16 (USB Serial Device (COM16))
2026-06-27 20:56:19,558 [INFO] backend.serial_reader: Attempting to open port COM16 at 115200 baud...
2026-06-27 20:56:19,558 [ERROR] backend.serial_reader: Serial error on port COM16: could not open port 'COM16': PermissionError(13, 'Access is denied.', None, 5)
2026-06-27 20:56:19,558 [WARNING] backend.serial_reader: Falling back to Mock Telemetry mode due to serial port error.
2026-06-27 20:56:19,559 [INFO] backend.serial_reader: Mock telemetry simulator loop started.
2026-06-27 20:56:19,559 [INFO] backend.serial_reader: Serial reader thread stopped.
2026-06-27 20:56:44,121 [INFO] backend: Mounted static frontend assets.
2026-06-27 20:56:44,167 [INFO] backend: Starting up Telemetry Server...
2026-06-27 20:56:44,168 [INFO] backend.serial_reader: Serial reader thread started.
2026-06-27 20:56:44,172 [INFO] backend.serial_reader: Auto-detected Arduino port: COM16 (USB Serial Device (COM16))
2026-06-27 20:56:44,172 [INFO] backend.serial_reader: Attempting to open port COM16 at 115200 baud...
2026-06-27 20:56:44,172 [ERROR] backend.serial_reader: Serial error on port COM16: could not open port 'COM16': PermissionError(13, 'Access is denied.', None, 5)
2026-06-27 20:56:44,172 [WARNING] backend.serial_reader: Falling back to Mock Telemetry mode due to serial port error.
2026-06-27 20:56:44,172 [INFO] backend.serial_reader: Mock telemetry simulator loop started.
2026-06-27 20:56:56,044 [INFO] backend.websocket: New client connected. Total clients: 1
2026-06-27 20:58:29,978 [INFO] backend.serial_reader: Reconfiguring serial reader target: Port=MOCK, Baudrate=115200
2026-06-27 20:58:29,983 [INFO] backend.serial_reader: Serial reader thread stopped.
2026-06-27 20:58:29,984 [INFO] backend.serial_reader: Mock telemetry simulator loop started.
2026-06-27 20:58:29,984 [INFO] backend.serial_reader: Serial reader thread started.
2026-06-27 20:58:39,545 [INFO] backend.serial_reader: Reconfiguring serial reader target: Port=COM16, Baudrate=115200
2026-06-27 20:58:39,546 [INFO] backend.serial_reader: Serial reader thread stopped.
2026-06-27 20:58:39,546 [INFO] backend.serial_reader: Attempting to open port COM16 at 115200 baud...
2026-06-27 20:58:39,546 [INFO] backend.serial_reader: Serial reader thread started.
2026-06-27 20:58:39,547 [ERROR] backend.serial_reader: Serial error on port COM16: could not open port 'COM16': PermissionError(13, 'Access is denied.', None, 5)
2026-06-27 20:58:39,547 [WARNING] backend.serial_reader: Falling back to Mock Telemetry mode due to serial port error.
2026-06-27 20:58:39,548 [INFO] backend.serial_reader: Mock telemetry simulator loop started.
2026-06-27 21:01:04,277 [INFO] backend.websocket: Client disconnected. Total clients: 0
2026-06-27 21:01:04,577 [INFO] backend.websocket: New client connected. Total clients: 1
2026-06-27 21:01:06,918 [INFO] backend.websocket: Client disconnected. Total clients: 0
2026-06-27 21:01:07,280 [INFO] backend.websocket: New client connected. Total clients: 1
2026-06-27 21:01:18,730 [INFO] backend.serial_reader: Reconfiguring serial reader target: Port=COM16, Baudrate=115200
2026-06-27 21:01:18,739 [INFO] backend.serial_reader: Serial reader thread stopped.
2026-06-27 21:01:18,740 [INFO] backend.serial_reader: Attempting to open port COM16 at 115200 baud...
2026-06-27 21:01:18,740 [INFO] backend.serial_reader: Serial reader thread started.
2026-06-27 21:01:18,740 [ERROR] backend.serial_reader: Serial error on port COM16: could not open port 'COM16': PermissionError(13, 'Access is denied.', None, 5)
2026-06-27 21:01:18,741 [WARNING] backend.serial_reader: Falling back to Mock Telemetry mode due to serial port error.
2026-06-27 21:01:18,741 [INFO] backend.serial_reader: Mock telemetry simulator loop started.
2026-06-27 21:01:20,096 [INFO] backend.serial_reader: Reconfiguring serial reader target: Port=COM16, Baudrate=115200
2026-06-27 21:01:20,131 [INFO] backend.serial_reader: Serial reader thread stopped.
2026-06-27 21:01:20,131 [INFO] backend.serial_reader: Attempting to open port COM16 at 115200 baud...
2026-06-27 21:01:20,132 [INFO] backend.serial_reader: Serial reader thread started.
2026-06-27 21:01:20,132 [ERROR] backend.serial_reader: Serial error on port COM16: could not open port 'COM16': PermissionError(13, 'Access is denied.', None, 5)
2026-06-27 21:01:20,133 [WARNING] backend.serial_reader: Falling back to Mock Telemetry mode due to serial port error.
2026-06-27 21:01:20,133 [INFO] backend.serial_reader: Mock telemetry simulator loop started.
2026-06-27 21:03:34,049 [INFO] backend.websocket: Client disconnected. Total clients: 0
